<?xml version="1.0" encoding="UTF-8"?>
<!-- Generated by org.testng.reporters.JUnitReportReporter -->
<testsuite hostname="DESKTOP-VPGHG5J" failures="0" tests="1" name="com.infiniteanalytics.assignment.test.TestVoterRollDownload" time="14.371" errors="0" timestamp="2025-03-16T13:57:55 IST" skipped="0">
  <testcase classname="com.infiniteanalytics.assignment.test.TestVoterRollDownload" name="testVoterRollDownload" time="14.371">
    <system-out>
      <![CDATA[Url Navigation Successfull landed on Electoral Rolls Page
Successfully Selected value from Ditrict Name Dropdown
Polling Details Chart Displayed Successfully]]>
    </system-out>
  </testcase> <!-- testVoterRollDownload -->
  <system-out>
    <![CDATA[Url Navigation Successfull landed on Electoral Rolls Page
Successfully Selected value from Ditrict Name Dropdown
Polling Details Chart Displayed Successfully]]>
  </system-out>
</testsuite> <!-- com.infiniteanalytics.assignment.test.TestVoterRollDownload -->
